SF:lib\main_page.dart
DA:16,0
DA:23,2
DA:25,1
DA:26,1
DA:27,2
DA:28,2
DA:29,2
DA:32,0
DA:36,0
DA:37,0
DA:39,0
DA:41,0
DA:42,0
DA:45,0
DA:47,0
DA:48,0
DA:49,0
DA:54,0
DA:55,0
DA:59,0
DA:87,0
DA:88,0
DA:89,0
DA:90,0
DA:91,0
DA:92,0
DA:93,0
DA:95,0
DA:96,0
DA:101,0
DA:104,0
DA:107,0
DA:108,0
DA:109,0
DA:110,0
DA:111,0
DA:112,0
DA:115,1
DA:116,1
DA:142,0
DA:143,0
DA:144,0
DA:145,0
DA:147,0
DA:150,0
DA:151,0
DA:152,0
DA:153,0
DA:156,0
DA:158,0
DA:159,0
DA:160,0
DA:162,0
DA:163,0
DA:164,0
DA:165,0
DA:166,0
DA:167,0
DA:170,0
DA:171,0
DA:172,0
DA:174,0
DA:175,0
DA:177,0
DA:180,1
DA:182,2
DA:183,1
DA:184,1
DA:185,4
DA:186,0
DA:187,0
DA:188,0
DA:192,0
DA:193,0
DA:196,5
DA:197,0
DA:203,1
DA:205,1
DA:207,1
DA:208,1
DA:209,4
DA:210,1
DA:212,1
DA:213,1
DA:214,1
DA:215,0
DA:216,3
DA:224,1
DA:225,1
DA:227,1
DA:229,1
DA:231,1
DA:232,1
DA:233,1
DA:240,1
DA:241,3
DA:242,1
DA:243,1
DA:244,1
DA:245,1
DA:247,1
DA:249,1
DA:255,0
DA:256,0
DA:257,0
DA:259,0
DA:261,0
DA:267,0
DA:268,0
DA:273,0
DA:274,0
DA:275,0
DA:276,0
DA:277,0
DA:278,0
DA:281,0
DA:285,0
DA:286,0
DA:296,0
DA:318,1
DA:319,4
DA:326,1
DA:328,1
DA:329,1
DA:331,0
DA:333,0
DA:334,0
DA:336,1
DA:337,1
DA:338,1
DA:339,1
LF:131
LH:48
end_of_record
SF:lib\backend.dart
DA:15,1
DA:26,1
DA:27,4
DA:28,5
DA:29,1
DA:30,1
DA:31,0
DA:32,0
DA:33,1
DA:34,1
DA:35,1
DA:36,2
DA:37,4
DA:38,2
DA:39,2
DA:40,2
DA:41,3
DA:42,3
DA:44,1
DA:45,8
DA:46,1
DA:47,8
DA:49,9
DA:51,0
DA:52,0
DA:53,0
DA:60,1
DA:62,2
DA:63,1
DA:64,9
DA:65,3
DA:68,1
DA:69,4
DA:73,0
DA:74,0
DA:75,0
DA:76,0
DA:81,0
DA:88,0
DA:89,0
DA:93,0
DA:95,0
DA:96,0
DA:97,0
DA:98,0
DA:99,0
DA:100,0
DA:101,0
DA:102,0
DA:103,0
DA:104,0
DA:105,0
DA:106,0
DA:109,0
DA:110,0
DA:111,0
DA:113,0
DA:114,0
DA:116,0
DA:118,0
DA:121,0
DA:122,0
DA:123,0
DA:124,0
DA:127,0
DA:132,1
DA:134,4
DA:135,1
DA:136,1
DA:137,1
DA:138,1
DA:139,1
DA:140,1
DA:142,1
DA:143,2
DA:144,2
DA:149,1
DA:150,2
DA:151,2
DA:156,1
DA:157,2
DA:158,2
DA:162,2
DA:163,3
DA:164,2
DA:166,3
DA:167,3
DA:168,3
DA:169,3
DA:171,3
DA:173,3
DA:174,3
DA:175,1
DA:184,1
DA:193,4
DA:194,4
DA:195,1
DA:196,1
DA:197,4
DA:198,1
DA:200,1
DA:205,3
DA:206,2
DA:207,2
DA:208,4
DA:209,2
DA:210,2
DA:211,0
DA:212,0
DA:215,2
DA:217,4
DA:218,3
DA:219,2
DA:220,4
DA:222,1
DA:225,2
DA:233,1
DA:236,1
DA:237,1
DA:240,1
DA:241,3
DA:243,1
DA:246,1
DA:248,2
DA:249,2
DA:250,2
DA:251,1
DA:252,3
DA:254,1
LF:129
LH:90
end_of_record
SF:lib\widgets\file_widget.dart
DA:9,0
DA:11,0
DA:12,0
DA:18,0
DA:20,0
DA:21,0
DA:22,0
DA:24,0
DA:28,0
DA:30,0
DA:32,0
DA:35,0
DA:36,0
DA:41,0
DA:50,0
DA:53,0
DA:56,0
DA:59,0
DA:60,0
DA:61,0
DA:63,0
DA:64,0
DA:67,0
DA:72,0
DA:73,0
LF:25
LH:0
end_of_record
SF:lib\main.dart
DA:5,1
DA:6,1
DA:7,2
DA:8,1
DA:16,1
DA:17,1
DA:18,1
DA:20,1
DA:21,2
LF:9
LH:9
end_of_record
SF:lib\widgets\bottom_button_widget.dart
DA:6,1
DA:8,1
DA:9,1
DA:11,1
DA:12,4
DA:15,1
DA:17,1
DA:18,1
DA:23,1
DA:26,1
DA:27,1
DA:28,1
DA:29,1
DA:31,4
LF:14
LH:14
end_of_record
SF:lib\widgets\circular_progress_widget.dart
DA:3,0
DA:5,0
DA:7,0
DA:9,0
DA:10,0
DA:11,0
DA:12,0
LF:7
LH:0
end_of_record
SF:lib\widgets\title_widget.dart
DA:4,2
DA:6,1
DA:8,1
DA:9,1
DA:10,1
DA:21,1
DA:23,1
DA:24,4
LF:8
LH:8
end_of_record
SF:lib\widgets\json_holder.dart
DA:8,0
DA:9,0
DA:11,0
DA:12,0
DA:13,0
DA:15,0
DA:16,0
DA:18,0
DA:21,0
DA:23,0
DA:24,0
DA:29,0
DA:30,0
DA:31,0
DA:33,0
DA:35,0
DA:36,0
DA:38,0
DA:39,0
DA:40,0
DA:41,0
DA:50,0
DA:53,0
DA:58,0
DA:59,0
DA:60,0
DA:61,0
DA:62,0
DA:63,0
DA:66,0
LF:30
LH:0
end_of_record
SF:lib\widgets\search_widget.dart
DA:5,1
DA:7,1
DA:8,1
DA:12,0
DA:13,0
DA:14,0
DA:18,1
DA:20,1
DA:23,4
DA:24,4
DA:25,1
DA:26,1
DA:29,1
DA:31,1
DA:32,1
DA:33,1
DA:34,0
DA:35,1
DA:36,1
DA:38,4
DA:40,1
DA:41,1
DA:43,4
DA:45,1
LF:24
LH:20
end_of_record
SF:lib\widgets\empty_widget.dart
DA:4,1
DA:5,1
DA:7,1
DA:9,1
DA:10,1
DA:11,1
DA:12,1
DA:15,1
LF:8
LH:8
end_of_record
SF:lib\widgets\json_holder_box.dart
DA:12,0
DA:14,0
DA:15,0
DA:24,0
DA:26,0
DA:27,0
DA:29,0
DA:30,0
DA:35,0
DA:37,0
DA:38,0
DA:41,0
DA:43,0
DA:44,0
DA:47,0
DA:48,0
DA:49,0
DA:52,0
DA:53,0
DA:54,0
DA:55,0
DA:56,0
DA:63,0
DA:64,0
DA:66,0
DA:67,0
DA:68,0
DA:69,0
DA:83,0
DA:84,0
DA:85,0
DA:86,0
DA:87,0
DA:89,0
DA:92,0
DA:94,0
DA:95,0
DA:97,0
DA:98,0
DA:100,0
DA:101,0
DA:102,0
DA:103,0
DA:105,0
DA:106,0
DA:107,0
DA:110,0
DA:111,0
DA:112,0
DA:113,0
DA:114,0
DA:122,0
DA:124,0
DA:125,0
DA:126,0
DA:128,0
DA:129,0
DA:131,0
DA:132,0
DA:134,0
DA:135,0
DA:142,0
DA:143,0
DA:146,0
DA:147,0
DA:149,0
DA:150,0
DA:157,0
DA:158,0
DA:159,0
DA:160,0
DA:161,0
DA:162,0
DA:163,0
DA:164,0
DA:165,0
DA:167,0
DA:169,0
DA:170,0
DA:177,0
DA:182,0
LF:81
LH:0
end_of_record
